SF:/Users/jaichang/Documents/GitHub/taerae/packages/taerae_core/lib/src/_taerae_utils.dart
DA:1,6
DA:2,12
DA:3,1
DA:6,1
DA:12,4
DA:13,4
DA:14,8
DA:15,2
DA:20,4
DA:21,4
DA:25,4
DA:26,2
DA:31,4
DA:32,4
DA:36,4
DA:37,2
DA:41,8
DA:42,8
DA:43,2
DA:45,4
DA:50,4
DA:54,4
DA:58,4
DA:61,4
DA:62,4
DA:63,2
DA:66,4
DA:67,8
DA:68,4
DA:69,8
DA:70,1
DA:71,1
DA:74,8
DA:79,6
DA:80,6
DA:81,11
DA:82,20
DA:84,6
DA:87,5
DA:88,5
DA:89,2
DA:90,4
DA:91,8
DA:93,2
DA:96,5
DA:97,4
LF:46
LH:46
end_of_record
SF:/Users/jaichang/Documents/GitHub/taerae/packages/taerae_core/lib/src/graphrag/taerae_graph_rag.dart
DA:19,7
DA:24,1
DA:26,2
DA:27,1
DA:28,1
DA:34,1
DA:35,1
DA:38,3
DA:39,1
DA:42,1
DA:44,2
DA:45,4
DA:46,2
DA:47,1
DA:48,2
DA:58,1
DA:70,1
DA:71,4
DA:75,3
DA:76,5
DA:96,1
DA:112,1
DA:117,1
DA:118,1
DA:119,1
DA:120,1
DA:128,1
DA:155,1
DA:156,2
DA:157,2
DA:160,1
DA:162,1
DA:163,1
DA:164,3
DA:165,3
DA:166,1
DA:168,1
DA:169,1
DA:172,2
DA:173,3
DA:174,2
DA:179,3
DA:180,1
DA:181,3
DA:182,2
DA:183,2
DA:184,1
DA:186,2
DA:190,1
DA:191,2
DA:192,2
DA:197,2
DA:198,2
DA:199,2
DA:204,1
DA:212,1
DA:213,1
DA:219,1
DA:223,2
DA:224,2
DA:226,1
DA:229,1
DA:230,2
DA:231,2
DA:232,1
DA:233,2
DA:234,2
DA:239,2
DA:240,2
DA:241,3
DA:242,1
DA:245,3
DA:248,1
DA:249,2
DA:250,3
DA:254,1
DA:258,1
DA:259,1
DA:261,1
DA:262,1
DA:263,1
DA:270,2
DA:275,1
DA:277,1
DA:280,1
DA:282,1
DA:284,2
DA:287,1
DA:292,3
DA:296,1
DA:297,2
DA:298,1
DA:301,1
DA:302,1
DA:303,2
DA:307,2
DA:308,1
DA:311,1
DA:312,2
DA:315,2
DA:316,5
DA:320,1
DA:321,2
DA:322,2
DA:324,1
DA:327,1
DA:330,1
DA:331,2
DA:336,1
DA:337,1
DA:338,1
DA:345,1
LF:112
LH:112
end_of_record
SF:/Users/jaichang/Documents/GitHub/taerae/packages/taerae_core/lib/src/taerae_graph.dart
DA:10,6
DA:13,3
DA:14,3
DA:15,3
DA:16,3
DA:18,3
DA:19,1
DA:21,3
DA:22,1
DA:25,3
DA:26,9
DA:27,3
DA:28,9
DA:30,3
DA:31,3
DA:32,3
DA:33,3
DA:38,3
DA:39,8
DA:40,3
DA:41,9
DA:43,3
DA:44,3
DA:45,3
DA:46,3
DA:47,3
DA:48,3
DA:72,6
DA:77,6
DA:79,12
DA:80,6
DA:82,1
DA:84,1
DA:88,2
DA:91,12
DA:92,6
DA:93,18
DA:94,18
DA:101,3
DA:102,3
DA:104,6
DA:109,3
DA:112,6
DA:114,3
DA:117,6
DA:119,3
DA:122,4
DA:123,1
DA:132,6
DA:139,6
DA:140,6
DA:141,6
DA:143,12
DA:144,1
DA:145,1
DA:148,10
DA:149,1
DA:150,1
DA:154,10
DA:155,5
DA:159,1
DA:161,1
DA:165,2
DA:168,10
DA:169,5
DA:176,4
DA:177,4
DA:178,4
DA:182,12
DA:185,9
DA:188,9
DA:191,6
DA:194,3
DA:195,9
DA:199,2
DA:200,6
DA:206,2
DA:211,4
DA:217,4
DA:218,4
DA:221,4
DA:222,4
DA:226,2
DA:227,4
DA:228,4
DA:230,2
DA:234,2
DA:238,2
DA:239,4
DA:240,2
DA:244,2
DA:245,4
DA:246,4
DA:248,2
DA:251,2
DA:255,3
DA:257,6
DA:262,6
DA:263,3
DA:267,3
DA:268,6
DA:269,6
DA:271,3
DA:274,3
DA:281,2
DA:286,2
DA:287,2
DA:289,8
DA:292,2
DA:293,1
DA:296,4
DA:297,2
DA:299,2
DA:300,2
DA:301,4
DA:302,2
DA:303,2
DA:307,2
DA:308,2
DA:309,2
DA:312,1
DA:320,2
DA:321,2
DA:323,6
DA:324,6
DA:325,2
DA:326,8
DA:327,8
DA:330,6
DA:331,6
DA:332,2
DA:339,3
DA:340,6
DA:341,6
DA:342,6
DA:343,6
DA:344,6
DA:345,6
DA:349,3
DA:350,9
DA:351,11
DA:352,9
DA:353,3
DA:355,3
DA:356,10
DA:357,10
DA:361,6
DA:362,9
DA:363,15
DA:366,16
DA:367,4
DA:368,16
DA:370,16
DA:371,8
DA:375,3
DA:376,5
DA:377,4
DA:381,4
DA:382,2
DA:383,4
DA:387,8
DA:389,6
DA:394,6
DA:399,4
DA:400,2
DA:401,6
DA:403,2
DA:404,6
DA:409,5
DA:410,5
DA:411,10
DA:412,10
DA:413,25
DA:416,4
DA:417,12
DA:419,8
DA:420,16
DA:421,3
DA:425,12
DA:427,8
DA:428,16
DA:429,3
DA:434,4
DA:435,8
DA:439,4
DA:443,3
DA:444,3
DA:448,3
DA:449,6
DA:450,6
DA:454,2
DA:457,3
DA:459,3
DA:462,2
DA:466,2
DA:470,2
DA:471,2
DA:474,4
DA:479,4
DA:483,3
DA:485,12
DA:488,4
DA:489,8
DA:491,3
DA:495,3
DA:496,3
DA:499,3
DA:500,3
DA:506,4
DA:507,6
DA:511,4
DA:512,4
DA:515,8
DA:522,1
DA:525,4
DA:526,4
DA:527,2
DA:529,4
DA:530,2
DA:531,4
DA:532,2
DA:533,10
DA:537,4
LF:223
LH:223
end_of_record
SF:/Users/jaichang/Documents/GitHub/taerae/packages/taerae_core/lib/src/taerae_node.dart
DA:6,6
DA:10,6
DA:11,12
DA:12,6
DA:13,22
DA:14,1
DA:23,4
DA:24,4
DA:25,4
DA:26,4
DA:27,4
DA:41,1
DA:45,1
DA:46,1
DA:47,1
DA:48,1
DA:53,3
DA:54,3
DA:55,3
DA:56,6
DA:57,3
LF:21
LH:21
end_of_record
SF:/Users/jaichang/Documents/GitHub/taerae/packages/taerae_core/lib/src/graphrag/taerae_vector_index.dart
DA:7,2
DA:38,2
DA:40,4
DA:41,1
DA:43,2
DA:44,6
DA:47,2
DA:49,4
DA:52,2
DA:57,6
DA:60,2
DA:62,2
DA:64,6
DA:65,2
DA:66,6
DA:67,2
DA:68,1
DA:69,2
DA:73,2
DA:74,2
DA:75,2
DA:76,2
DA:81,4
DA:82,6
DA:83,2
DA:86,3
DA:89,4
DA:92,1
DA:94,2
DA:98,2
DA:99,4
DA:101,2
DA:102,2
DA:103,1
DA:105,6
DA:106,1
DA:114,2
DA:119,6
DA:120,8
DA:121,8
DA:122,8
DA:125,4
DA:128,8
LF:43
LH:43
end_of_record
SF:/Users/jaichang/Documents/GitHub/taerae/packages/taerae_core/lib/src/persistence/taerae_graph_log.dart
DA:10,1
DA:16,1
DA:17,3
DA:18,2
DA:19,2
DA:24,1
DA:28,1
DA:29,2
DA:30,3
DA:34,1
DA:35,1
DA:36,3
DA:37,1
DA:39,1
DA:47,1
DA:52,2
DA:54,1
DA:55,1
DA:56,1
DA:62,1
DA:63,1
DA:64,2
DA:68,1
DA:69,1
DA:70,2
DA:72,1
DA:74,1
DA:78,1
DA:81,2
DA:85,1
DA:86,1
DA:87,1
DA:88,2
DA:89,1
DA:94,2
DA:95,1
DA:97,1
DA:114,1
DA:125,1
DA:126,2
DA:127,1
DA:131,2
DA:133,2
DA:134,1
DA:135,1
DA:138,1
DA:139,2
DA:141,1
DA:145,1
DA:150,1
DA:151,1
DA:157,1
DA:158,1
DA:165,1
DA:166,2
DA:170,1
DA:171,1
DA:172,2
DA:175,1
DA:176,2
DA:177,1
DA:178,2
DA:179,1
DA:180,1
DA:183,2
LF:65
LH:65
end_of_record
SF:/Users/jaichang/Documents/GitHub/taerae/packages/taerae_core/lib/src/persistence/taerae_graph_operation.dart
DA:25,7
DA:33,2
DA:34,2
DA:41,2
DA:42,2
DA:49,2
DA:50,2
DA:57,2
DA:58,2
DA:68,2
DA:69,2
DA:70,4
DA:71,1
DA:75,2
DA:76,2
DA:77,6
DA:79,2
DA:80,2
DA:81,2
DA:82,2
DA:83,6
DA:85,1
DA:86,2
DA:87,1
DA:90,2
DA:107,2
DA:108,2
DA:109,2
DA:110,3
DA:111,1
DA:112,1
DA:113,1
DA:114,1
DA:116,2
DA:117,4
DA:118,2
DA:119,3
DA:120,1
DA:121,1
DA:122,1
DA:123,1
DA:124,1
DA:125,1
DA:127,1
DA:128,4
DA:129,1
DA:130,1
DA:135,2
DA:136,2
DA:137,2
DA:138,2
DA:140,8
DA:142,2
DA:143,2
DA:145,6
DA:147,2
DA:148,2
DA:150,8
DA:152,2
DA:153,2
DA:155,6
DA:157,2
DA:162,3
DA:167,2
DA:172,3
DA:177,2
DA:182,2
DA:183,2
DA:184,2
DA:189,1
DA:190,1
DA:191,2
DA:192,2
DA:197,2
DA:198,2
DA:199,2
DA:202,2
DA:203,4
DA:204,2
DA:205,4
DA:206,2
DA:208,4
DA:215,7
DA:216,7
LF:84
LH:84
end_of_record
SF:/Users/jaichang/Documents/GitHub/taerae/packages/taerae_core/lib/src/taerae_edge.dart
DA:6,6
DA:12,6
DA:13,6
DA:14,6
DA:15,6
DA:18,4
DA:19,4
DA:20,4
DA:21,4
DA:22,4
DA:23,4
DA:24,4
DA:44,1
DA:50,1
DA:51,1
DA:52,1
DA:53,1
DA:54,1
DA:55,1
DA:60,3
DA:61,3
DA:62,3
DA:63,3
DA:64,3
DA:65,3
DA:66,3
LF:26
LH:26
end_of_record
SF:/Users/jaichang/Documents/GitHub/taerae/packages/taerae_core/lib/src/persistence/taerae_graph_snapshot.dart
DA:9,1
DA:17,1
DA:18,3
DA:20,1
DA:22,3
DA:23,1
DA:26,1
DA:28,2
DA:32,4
DA:33,1
DA:35,2
DA:36,2
DA:38,3
DA:42,1
DA:43,2
DA:44,1
DA:47,3
DA:48,1
DA:49,1
DA:52,2
DA:55,2
DA:56,1
DA:59,1
DA:60,1
DA:61,2
DA:64,3
DA:67,1
DA:68,1
DA:69,2
DA:72,1
DA:73,2
DA:74,1
DA:75,2
DA:76,1
DA:77,1
DA:80,2
LF:36
LH:36
end_of_record
SF:/Users/jaichang/Documents/GitHub/taerae/packages/taerae_core/lib/src/persistence/taerae_persistent_graph.dart
DA:34,7
DA:56,1
DA:77,1
DA:85,1
DA:86,1
DA:92,1
DA:94,1
DA:96,1
DA:97,3
DA:99,4
DA:101,1
DA:104,1
DA:105,1
DA:107,1
DA:108,1
DA:113,1
DA:140,2
DA:143,3
DA:146,4
DA:149,4
DA:152,1
DA:157,1
DA:158,2
DA:159,1
DA:161,1
DA:163,1
DA:166,1
DA:167,1
DA:168,1
DA:169,2
DA:170,1
DA:171,1
DA:172,1
DA:180,1
DA:181,1
DA:182,2
DA:183,1
DA:188,1
DA:189,1
DA:190,3
DA:196,1
DA:203,1
DA:204,2
DA:205,1
DA:206,1
DA:209,2
DA:210,1
DA:211,1
DA:215,2
DA:216,1
DA:220,1
DA:222,1
DA:225,1
DA:226,1
DA:227,1
DA:228,2
DA:229,1
DA:230,1
DA:231,1
DA:232,1
DA:233,1
DA:241,1
DA:242,1
DA:243,2
DA:244,1
DA:249,1
DA:250,1
DA:251,3
DA:257,1
DA:258,1
DA:259,1
DA:262,1
DA:264,2
DA:269,1
DA:270,1
DA:271,2
DA:272,2
DA:273,1
DA:274,2
DA:276,2
DA:277,1
DA:278,1
DA:282,1
DA:287,2
DA:291,3
DA:294,1
DA:295,2
DA:299,3
DA:302,1
DA:303,1
DA:304,2
DA:305,1
DA:313,1
DA:314,1
DA:319,1
DA:321,2
DA:322,1
DA:325,1
DA:328,1
DA:332,2
DA:333,1
DA:334,1
DA:335,1
DA:336,1
DA:337,1
DA:338,1
DA:341,2
DA:342,2
DA:343,3
DA:344,1
DA:348,1
DA:349,1
DA:350,2
DA:353,1
DA:355,2
DA:359,1
DA:360,2
DA:361,1
DA:363,1
DA:365,1
DA:366,5
DA:370,1
DA:371,2
DA:372,1
DA:373,1
DA:374,2
DA:375,2
DA:378,1
DA:379,2
DA:380,2
DA:381,1
DA:382,1
DA:389,1
DA:390,1
DA:391,1
LF:135
LH:135
end_of_record
